
/usr/local/lib/python3.10/dist-packages/pytorch_lightning/loggers/wandb.py:389: There is a wandb run already in progress and newly created instances of `WandbLogger` will reuse this run. If this is not desired, call `wandb.finish()` before instantiating `WandbLogger`.
GPU available: True (cuda), used: True
TPU available: False, using: 0 TPU cores
IPU available: False, using: 0 IPUs
HPU available: False, using: 0 HPUs
LOCAL_RANK: 0 - CUDA_VISIBLE_DEVICES: [0]
â”â”â”â”â”³â”â”â”â”â”â”â”â”â”â”â”â”â”â”â”â”â”â”â”â”â”â”â”â”â”â”â”â”â”â”³â”â”â”â”â”â”â”â”â”â”â”â”â”â”â”â”â”â”â”³â”â”â”â”â”â”â”â”â”“
â”ƒ[1m   [22mâ”ƒ[1m Name                        [22mâ”ƒ[1m Type             [22mâ”ƒ[1m Params [22mâ”ƒ
â”¡â”â”â”â•‡â”â”â”â”â”â”â”â”â”â”â”â”â”â”â”â”â”â”â”â”â”â”â”â”â”â”â”â”â”â•‡â”â”â”â”â”â”â”â”â”â”â”â”â”â”â”â”â”â”â•‡â”â”â”â”â”â”â”â”â”©
â”‚ 0 â”‚ bert                        â”‚ BertModel        â”‚ 89.1 M â”‚
â”‚ 1 â”‚ classifiers                 â”‚ ModuleList       â”‚ 12.6 M â”‚
â”‚ 2 â”‚ hidden_layer                â”‚ ModuleList       â”‚ 16.4 K â”‚
â”‚ 3 â”‚ sigmoid                     â”‚ Sigmoid          â”‚      0 â”‚
â”‚ 4 â”‚ criterion                   â”‚ BCELoss          â”‚      0 â”‚
â”‚ 5 â”‚ metrics                     â”‚ MetricCollection â”‚      0 â”‚
â”‚ 6 â”‚ metrics_per_label_accuracy  â”‚ MetricCollection â”‚      0 â”‚
â”‚ 7 â”‚ metrics_per_label_precision â”‚ MetricCollection â”‚      0 â”‚
â”‚ 8 â”‚ metrics_per_label_recall    â”‚ MetricCollection â”‚      0 â”‚
â”‚ 9 â”‚ metrics_per_label_f1score   â”‚ MetricCollection â”‚      0 â”‚
â””â”€â”€â”€â”´â”€â”€â”€â”€â”€â”€â”€â”€â”€â”€â”€â”€â”€â”€â”€â”€â”€â”€â”€â”€â”€â”€â”€â”€â”€â”€â”€â”€â”€â”´â”€â”€â”€â”€â”€â”€â”€â”€â”€â”€â”€â”€â”€â”€â”€â”€â”€â”€â”´â”€â”€â”€â”€â”€â”€â”€â”€â”˜
[1mTrainable params[22m: 19.7 M
[1mNon-trainable params[22m: 82.0 M
[1mTotal params[22m: 101 M
[1mTotal estimated model params size (MB)[22m: 406
æå¤±é–¢æ•°ã¯å®Ÿè¡Œã•ã‚Œã¾ã—ãŸ
æå¤±é–¢æ•°ã¯å®Ÿè¡Œã•ã‚Œã¾ã—ãŸ
/usr/local/lib/python3.10/dist-packages/pytorch_lightning/loops/fit_loop.py:293: The number of
training batches (26) is smaller than the logging interval Trainer(log_every_n_steps=50). Set a
lower value for log_every_n_steps if you want to see logs for the training epoch.
æå¤±é–¢æ•°ã¯å®Ÿè¡Œã•ã‚Œã¾ã—ãŸ
æå¤±é–¢æ•°ã¯å®Ÿè¡Œã•ã‚Œã¾ã—ãŸ
[37mEpoch 0/3 [39m [35mâ”â”[90mâ•ºâ”â”â”â”â”â”â”â”â”â”â”â”â”â”â”â”â”â”â”â”â”â”â”â”[39m [37m2/26[39m [37m0:00:01 â€¢ 0:00:02[39m [37m22.51it/s[39m [37mv_num: l5me train/loss:     
                                                                        [37m26.174                      
Error executing job with overrides: []
Traceback (most recent call last):
  File "/usr/local/lib/python3.10/dist-packages/pytorch_lightning/trainer/call.py", line 44, in _call_and_handle_interrupt
    return trainer_fn(*args, **kwargs)
  File "/usr/local/lib/python3.10/dist-packages/pytorch_lightning/trainer/trainer.py", line 580, in _fit_impl
    self._run(model, ckpt_path=ckpt_path)
  File "/usr/local/lib/python3.10/dist-packages/pytorch_lightning/trainer/trainer.py", line 989, in _run
    results = self._run_stage()
  File "/usr/local/lib/python3.10/dist-packages/pytorch_lightning/trainer/trainer.py", line 1035, in _run_stage
    self.fit_loop.run()
  File "/usr/local/lib/python3.10/dist-packages/pytorch_lightning/loops/fit_loop.py", line 202, in run
    self.advance()
  File "/usr/local/lib/python3.10/dist-packages/pytorch_lightning/loops/fit_loop.py", line 359, in advance
    self.epoch_loop.run(self._data_fetcher)
  File "/usr/local/lib/python3.10/dist-packages/pytorch_lightning/loops/training_epoch_loop.py", line 136, in run
    self.advance(data_fetcher)
  File "/usr/local/lib/python3.10/dist-packages/pytorch_lightning/loops/training_epoch_loop.py", line 259, in advance
    call._call_callback_hooks(trainer, "on_train_batch_end", batch_output, batch, batch_idx)
  File "/usr/local/lib/python3.10/dist-packages/pytorch_lightning/trainer/call.py", line 208, in _call_callback_hooks
    fn(trainer, trainer.lightning_module, *args, **kwargs)
  File "/usr/local/lib/python3.10/dist-packages/pytorch_lightning/callbacks/progress/rich_progress.py", line 527, in on_train_batch_end
    self._update_metrics(trainer, pl_module)
  File "/usr/local/lib/python3.10/dist-packages/pytorch_lightning/callbacks/progress/rich_progress.py", line 604, in _update_metrics
    metrics = self.get_metrics(trainer, pl_module)
  File "/usr/local/lib/python3.10/dist-packages/pytorch_lightning/callbacks/progress/progress_bar.py", line 195, in get_metrics
    pbar_metrics = trainer.progress_bar_metrics
  File "/usr/local/lib/python3.10/dist-packages/pytorch_lightning/trainer/trainer.py", line 1653, in progress_bar_metrics
    return self._logger_connector.progress_bar_metrics
  File "/usr/local/lib/python3.10/dist-packages/pytorch_lightning/trainer/connectors/logger_connector/logger_connector.py", line 245, in progress_bar_metrics
    metrics = self.metrics["pbar"]
  File "/usr/local/lib/python3.10/dist-packages/pytorch_lightning/trainer/connectors/logger_connector/logger_connector.py", line 226, in metrics
    return self.trainer._results.metrics(on_step)
  File "/usr/local/lib/python3.10/dist-packages/pytorch_lightning/trainer/connectors/logger_connector/result.py", line 492, in metrics
    metrics["pbar"][forked_name] = convert_tensors_to_scalars(value)
  File "/usr/local/lib/python3.10/dist-packages/lightning_fabric/utilities/apply_func.py", line 128, in convert_tensors_to_scalars
    return apply_to_collection(data, Tensor, to_item)
  File "/usr/local/lib/python3.10/dist-packages/lightning_utilities/core/apply_func.py", line 64, in apply_to_collection
    return function(data, *args, **kwargs)
  File "/usr/local/lib/python3.10/dist-packages/lightning_fabric/utilities/apply_func.py", line 126, in to_item
    return value.item()
RuntimeError: CUDA error: device-side assert triggered
CUDA kernel errors might be asynchronously reported at some other API call, so the stacktrace below might be incorrect.
For debugging consider passing CUDA_LAUNCH_BLOCKING=1.
Compile with `TORCH_USE_CUDA_DSA` to enable device-side assertions.
During handling of the above exception, another exception occurred:
Traceback (most recent call last):
  File "/content/drive/MyDrive/murata_labo_exp/murata_labo_exp_src/exp6/main.py", line 616, in main
    trainer.fit(model, data_module)
  File "/usr/local/lib/python3.10/dist-packages/pytorch_lightning/trainer/trainer.py", line 544, in fit
    call._call_and_handle_interrupt(
  File "/usr/local/lib/python3.10/dist-packages/pytorch_lightning/trainer/call.py", line 68, in _call_and_handle_interrupt
    trainer._teardown()
  File "/usr/local/lib/python3.10/dist-packages/pytorch_lightning/trainer/trainer.py", line 1012, in _teardown
    self.strategy.teardown()
  File "/usr/local/lib/python3.10/dist-packages/pytorch_lightning/strategies/strategy.py", line 524, in teardown
    _optimizers_to_device(self.optimizers, torch.device("cpu"))
  File "/usr/local/lib/python3.10/dist-packages/lightning_fabric/utilities/optimizer.py", line 28, in _optimizers_to_device
    _optimizer_to_device(opt, device)
  File "/usr/local/lib/python3.10/dist-packages/lightning_fabric/utilities/optimizer.py", line 34, in _optimizer_to_device
    optimizer.state[p] = apply_to_collection(v, Tensor, move_data_to_device, device, allow_frozen=True)
  File "/usr/local/lib/python3.10/dist-packages/lightning_utilities/core/apply_func.py", line 52, in apply_to_collection
    return _apply_to_collection_slow(
  File "/usr/local/lib/python3.10/dist-packages/lightning_utilities/core/apply_func.py", line 104, in _apply_to_collection_slow
    v = _apply_to_collection_slow(
  File "/usr/local/lib/python3.10/dist-packages/lightning_utilities/core/apply_func.py", line 96, in _apply_to_collection_slow
    return function(data, *args, **kwargs)
  File "/usr/local/lib/python3.10/dist-packages/lightning_fabric/utilities/apply_func.py", line 102, in move_data_to_device
    return apply_to_collection(batch, dtype=_TransferableDataType, function=batch_to)
  File "/usr/local/lib/python3.10/dist-packages/lightning_utilities/core/apply_func.py", line 64, in apply_to_collection
    return function(data, *args, **kwargs)
  File "/usr/local/lib/python3.10/dist-packages/lightning_fabric/utilities/apply_func.py", line 96, in batch_to
    data_output = data.to(device, **kwargs)
RuntimeError: CUDA error: device-side assert triggered
CUDA kernel errors might be asynchronously reported at some other API call, so the stacktrace below might be incorrect.
For debugging consider passing CUDA_LAUNCH_BLOCKING=1.
Compile with `TORCH_USE_CUDA_DSA` to enable device-side assertions.
Set the environment variable HYDRA_FULL_ERROR=1 for a complete stack trace.
[?25h