/usr/local/lib/python3.10/dist-packages/pytorch_lightning/loggers/wandb.py:391: There is a wandb run already in progress and newly created instances of `WandbLogger` will reuse this run. If this is not desired, call `wandb.finish()` before instantiating `WandbLogger`.
[32m[I 2024-04-30 03:07:02,199][39m A new study created in memory with name: no-name-f2622673-798a-4007-bb10-fd3bc47e6c63
GPU available: True (cuda), used: True
TPU available: False, using: 0 TPU cores
IPU available: False, using: 0 IPUs
HPU available: False, using: 0 HPUs
You are using a CUDA device ('NVIDIA GeForce RTX 4090') that has Tensor Cores. To properly utilize them, you should set `torch.set_float32_matmul_precision('medium' | 'high')` which will trade-off precision for performance. For more details, read https://pytorch.org/docs/stable/generated/torch.set_float32_matmul_precision.html#torch.set_float32_matmul_precision
LOCAL_RANK: 0 - CUDA_VISIBLE_DEVICES: [0]
â”â”â”â”â”â”³â”â”â”â”â”â”â”â”â”â”â”â”â”â”â”â”â”â”â”â”â”â”â”â”â”â”â”â”â”â”³â”â”â”â”â”â”â”â”â”â”â”â”â”â”â”â”â”â”â”³â”â”â”â”â”â”â”â”â”“
â”ƒ[1m    [22mâ”ƒ[1m Name                        [22mâ”ƒ[1m Type             [22mâ”ƒ[1m Params [22mâ”ƒ
â”¡â”â”â”â”â•‡â”â”â”â”â”â”â”â”â”â”â”â”â”â”â”â”â”â”â”â”â”â”â”â”â”â”â”â”â”â•‡â”â”â”â”â”â”â”â”â”â”â”â”â”â”â”â”â”â”â•‡â”â”â”â”â”â”â”â”â”©
â”‚ 0  â”‚ bert                        â”‚ BertModel        â”‚ 89.1 M â”‚
â”‚ 1  â”‚ classifiers                 â”‚ ModuleList       â”‚  6.0 M â”‚
â”‚ 2  â”‚ hidden_layer1               â”‚ ModuleList       â”‚  7.7 M â”‚
â”‚ 3  â”‚ hidden_layer2               â”‚ ModuleList       â”‚ 15.8 K â”‚
â”‚ 4  â”‚ sigmoid                     â”‚ Sigmoid          â”‚      0 â”‚
â”‚ 5  â”‚ criterion                   â”‚ Focal_Loss       â”‚      0 â”‚
â”‚ 6  â”‚ metrics                     â”‚ MetricCollection â”‚      0 â”‚
â”‚ 7  â”‚ metrics_per_label_accuracy  â”‚ MetricCollection â”‚      0 â”‚
â”‚ 8  â”‚ metrics_per_label_precision â”‚ MetricCollection â”‚      0 â”‚
â”‚ 9  â”‚ metrics_per_label_recall    â”‚ MetricCollection â”‚      0 â”‚
â”‚ 10 â”‚ metrics_per_label_f1score   â”‚ MetricCollection â”‚      0 â”‚
â””â”€â”€â”€â”€â”´â”€â”€â”€â”€â”€â”€â”€â”€â”€â”€â”€â”€â”€â”€â”€â”€â”€â”€â”€â”€â”€â”€â”€â”€â”€â”€â”€â”€â”€â”´â”€â”€â”€â”€â”€â”€â”€â”€â”€â”€â”€â”€â”€â”€â”€â”€â”€â”€â”´â”€â”€â”€â”€â”€â”€â”€â”€â”˜
[1mTrainable params[22m: 20.8 M
[1mNon-trainable params[22m: 82.0 M
[1mTotal params[22m: 102 M
[1mTotal estimated model params size (MB)[22m: 411
/usr/local/lib/python3.10/dist-packages/pytorch_lightning/loops/fit_loop.py:298: The number of
training batches (32) is smaller than the logging interval Trainer(log_every_n_steps=50). Set a
lower value for log_every_n_steps if you want to see logs for the training epoch.
[37mEpoch 0/3 [39m [35mâ”â”â”â”â”â”â”â”â”[90mâ•ºâ”â”â”â”â”â”â”â”â”â”â”â”â”â”â”â”â”[39m [37m11/32[39m [37m0:00:01 â€¢ 0:00:03[39m [37m7.49it/s[39m [37mv_num: 2fcp train/loss:     

                                                                        [37m0.172                       





[37mValidation[39m [35mâ”â”â”â”â”â”â”â”â”â”â”â”â”â”â”â”â”â”â”â”â”â”â”â•¸[90mâ”â”â”[39m [37m71/81[39m [37m0:00:08 â€¢ 0:00:02[39m [37m8.06it/s
Epoch 0, global step 32: 'val_loss' reached 0.16891 (best 0.16891), saving model to '/content/murata_labo_exp/murata_labo_exp_src/exp10/outputs/2024-04-30/03-07-00/wandb/run-20240430_030701-voqa2fcp/files/checkpoints/epoch=0.ckpt' as top 1
[37mEpoch 0/3 [39m [35mâ”â”â”â”â”â”â”â”â”â”â”â”â”â”â”â”â”â”â”â”â”â”â”â”â”â”â”[39m [37m32/32[39m [37m0:00:04 â€¢ 0:00:00[39m [37m6.97it/s[39m [37mv_num: 2fcp train/loss:     


                                                                        [37m0.165                       




Epoch 1/3  [35mâ”â”â”â”â”â”â”â”â”â”â”â”â”â”â”â”â”â”â”â”â”â”â”â”â”â”â”[39m [37m32/32[39m [37m0:00:05 â€¢ 0:00:00[39m [37m6.43it/s[39m [37mv_num: 2fcp train/loss:     
                                                                        [37m0.165                       


                                                                        [37m0.165                       





[37mValidation[39m [35mâ”â”â”â”â”â”â”â”â”â”â”â”â”â”â”â”â”â”â”â”â”â”â”â”[90mâ•ºâ”â”[39m [37m72/81[39m [37m0:00:08 â€¢ 0:00:02[39m [37m8.03it/s
Epoch 2/3  [35mâ”â”â”â”â”â”â”â”â”â”â”â”â”â”â”â”â”â”â”â”â”â”â”â”â”â”â”[39m [37m32/32[39m [37m0:00:05 â€¢ 0:00:00[39m [37m6.38it/s[39m [37mv_num: 2fcp train/loss:     
                                                                        [37m0.165                       


                                                                        [37m0.164                       





[37mValidation[39m [35mâ”â”â”â”â”â”â”â”â”â”â”â”â”â”â”â”â”â”â”â”â”â”â•¸[90mâ”â”â”â”[39m [37m68/81[39m [37m0:00:08 â€¢ 0:00:02[39m [37m8.12it/s
Epoch 3/3  [35mâ”â”â”â”â”â”â”â”â”â”â”â”â”â”â”â”â”â”â”â”â”â”â”â”â”â”â”[39m [37m32/32[39m [37m0:00:05 â€¢ 0:00:00[39m [37m6.39it/s[39m [37mv_num: 2fcp train/loss:     
                                                                        [37m0.164                       
Epoch 3, global step 128: 'val_loss' reached 0.16617 (best 0.16617), saving model to '/content/murata_labo_exp/murata_labo_exp_src/exp10/outputs/2024-04-30/03-07-00/wandb/run-20240430_030701-voqa2fcp/files/checkpoints/epoch=3.ckpt' as top 1
[?25h
`Trainer.fit` stopped: `max_epochs=4` reached.
[33m[W 2024-04-30 03:08:26,680][39m Trial 0 failed with parameters: {'batch_size': 32, 'epoch': 5, 'hidden_size': 487, 'hidden_size2': 985, 'focal_loss_gamma': 2} because of the following error: NameError("name 'self' is not defined").
Traceback (most recent call last):
  File "/usr/local/lib/python3.10/dist-packages/optuna/study/_optimize.py", line 196, in _run_trial
    value_or_values = func(trial)
  File "/content/murata_labo_exp/murata_labo_exp_src/exp10/main.py", line 672, in objective
    f1_score = self.validation_f1score
NameError: name 'self' is not defined
[33m[W 2024-04-30 03:08:26,682][39m Trial 0 failed with value None.
Error executing job with overrides: []
Traceback (most recent call last):
  File "/content/murata_labo_exp/murata_labo_exp_src/exp10/main.py", line 677, in main
    study.optimize(objective,n_trials=10)
  File "/usr/local/lib/python3.10/dist-packages/optuna/study/study.py", line 451, in optimize
    _optimize(
  File "/usr/local/lib/python3.10/dist-packages/optuna/study/_optimize.py", line 62, in _optimize
    _optimize_sequential(
  File "/usr/local/lib/python3.10/dist-packages/optuna/study/_optimize.py", line 159, in _optimize_sequential
    frozen_trial = _run_trial(study, func, catch)
  File "/usr/local/lib/python3.10/dist-packages/optuna/study/_optimize.py", line 247, in _run_trial
    raise func_err
  File "/usr/local/lib/python3.10/dist-packages/optuna/study/_optimize.py", line 196, in _run_trial
    value_or_values = func(trial)
  File "/content/murata_labo_exp/murata_labo_exp_src/exp10/main.py", line 672, in objective
    f1_score = self.validation_f1score
NameError: name 'self' is not defined
Set the environment variable HYDRA_FULL_ERROR=1 for a complete stack trace.