/usr/local/lib/python3.10/dist-packages/pytorch_lightning/loggers/wandb.py:389: There is a wandb run already in progress and newly created instances of `WandbLogger` will reuse this run. If this is not desired, call `wandb.finish()` before instantiating `WandbLogger`.
tokenizer_config.json: 100% 110/110 [00:00<00:00, 365kB/s]
vocab.txt: 100% 15.7k/15.7k [00:00<00:00, 35.5MB/s]
config.json: 100% 478/478 [00:00<00:00, 1.66MB/s]

pytorch_model.bin: 100% 359M/359M [00:00<00:00, 387MB/s]
GPU available: True (cuda), used: True
TPU available: False, using: 0 TPU cores
IPU available: False, using: 0 IPUs
HPU available: False, using: 0 HPUs
LOCAL_RANK: 0 - CUDA_VISIBLE_DEVICES: [0]
â”â”â”â”â”â”³â”â”â”â”â”â”â”â”â”â”â”â”â”â”â”â”â”â”â”â”â”â”â”â”â”â”â”â”â”â”³â”â”â”â”â”â”â”â”â”â”â”â”â”â”â”â”â”â”â”³â”â”â”â”â”â”â”â”â”“
â”ƒ[1m    [22mâ”ƒ[1m Name                        [22mâ”ƒ[1m Type             [22mâ”ƒ[1m Params [22mâ”ƒ
â”¡â”â”â”â”â•‡â”â”â”â”â”â”â”â”â”â”â”â”â”â”â”â”â”â”â”â”â”â”â”â”â”â”â”â”â”â•‡â”â”â”â”â”â”â”â”â”â”â”â”â”â”â”â”â”â”â•‡â”â”â”â”â”â”â”â”â”©
â”‚ 0  â”‚ bert                        â”‚ BertModel        â”‚ 89.1 M â”‚
â”‚ 1  â”‚ classifiers                 â”‚ ModuleList       â”‚  6.3 M â”‚
â”‚ 2  â”‚ hidden_layer1               â”‚ ModuleList       â”‚  2.1 M â”‚
â”‚ 3  â”‚ hidden_layer2               â”‚ ModuleList       â”‚  2.1 K â”‚
â”‚ 4  â”‚ sigmoid                     â”‚ Sigmoid          â”‚      0 â”‚
â”‚ 5  â”‚ criterion                   â”‚ MSELoss          â”‚      0 â”‚
â”‚ 6  â”‚ metrics                     â”‚ MetricCollection â”‚      0 â”‚
â”‚ 7  â”‚ metrics_per_label_accuracy  â”‚ MetricCollection â”‚      0 â”‚
â”‚ 8  â”‚ metrics_per_label_precision â”‚ MetricCollection â”‚      0 â”‚
â”‚ 9  â”‚ metrics_per_label_recall    â”‚ MetricCollection â”‚      0 â”‚
â”‚ 10 â”‚ metrics_per_label_f1score   â”‚ MetricCollection â”‚      0 â”‚
â””â”€â”€â”€â”€â”´â”€â”€â”€â”€â”€â”€â”€â”€â”€â”€â”€â”€â”€â”€â”€â”€â”€â”€â”€â”€â”€â”€â”€â”€â”€â”€â”€â”€â”€â”´â”€â”€â”€â”€â”€â”€â”€â”€â”€â”€â”€â”€â”€â”€â”€â”€â”€â”€â”´â”€â”€â”€â”€â”€â”€â”€â”€â”˜
[1mTrainable params[22m: 15.5 M
[1mNon-trainable params[22m: 82.0 M
[1mTotal params[22m: 97.5 M
[1mTotal estimated model params size (MB)[22m: 390
LOCAL_RANK: 0 - CUDA_VISIBLE_DEVICES: [0]
/usr/local/lib/python3.10/dist-packages/pytorch_lightning/trainer/call.py:54: Detected
KeyboardInterrupt, attempting graceful shutdown...
[?25h
Error executing job with overrides: []
Traceback (most recent call last):
  File "/content/drive/MyDrive/murata_labo_exp/murata_labo_exp_src/exp9/main.py", line 590, in main
    trainer.test(model, data_module)
  File "/usr/local/lib/python3.10/dist-packages/pytorch_lightning/trainer/trainer.py", line 754, in test
    return call._call_and_handle_interrupt(
  File "/usr/local/lib/python3.10/dist-packages/pytorch_lightning/trainer/call.py", line 44, in _call_and_handle_interrupt
    return trainer_fn(*args, **kwargs)
  File "/usr/local/lib/python3.10/dist-packages/pytorch_lightning/trainer/trainer.py", line 794, in _test_impl
    results = self._run(model, ckpt_path=ckpt_path)
  File "/usr/local/lib/python3.10/dist-packages/pytorch_lightning/trainer/trainer.py", line 989, in _run
    results = self._run_stage()
  File "/usr/local/lib/python3.10/dist-packages/pytorch_lightning/trainer/trainer.py", line 1028, in _run_stage
    return self._evaluation_loop.run()
  File "/usr/local/lib/python3.10/dist-packages/pytorch_lightning/loops/utilities.py", line 182, in _decorator
    return loop_run(self, *args, **kwargs)
  File "/usr/local/lib/python3.10/dist-packages/pytorch_lightning/loops/evaluation_loop.py", line 134, in run
    self._evaluation_step(batch, batch_idx, dataloader_idx, dataloader_iter)
  File "/usr/local/lib/python3.10/dist-packages/pytorch_lightning/loops/evaluation_loop.py", line 405, in _evaluation_step
    call._call_callback_hooks(trainer, hook_name, output, *hook_kwargs.values())
  File "/usr/local/lib/python3.10/dist-packages/pytorch_lightning/trainer/call.py", line 208, in _call_callback_hooks
    fn(trainer, trainer.lightning_module, *args, **kwargs)
  File "/usr/local/lib/python3.10/dist-packages/pytorch_lightning/callbacks/progress/rich_progress.py", line 561, in on_test_batch_end
    assert self.test_progress_bar_id is not None
AssertionError
Set the environment variable HYDRA_FULL_ERROR=1 for a complete stack trace.